[11-Feb-2021 19:47:48 UTC] PHP Fatal error:  Uncaught Error: Call to undefined function get_stylesheet_directory_uri() in C:\Users\jvcco\Desktop\Sites\rest\app\public\wp-content\themes\rest-inicio\index.php:8
Stack trace:
#0 {main}
  thrown in C:\Users\jvcco\Desktop\Sites\rest\app\public\wp-content\themes\rest-inicio\index.php on line 8
[12-Feb-2021 18:05:54 UTC] PHP Warning:  Ocorreu um erro inesperado. Algo pode estar errado com o WordPress.org ou com a configuração deste servidor. Se os problemas persistirem, busque ajuda no <a href="https://br.wordpress.org/support/forums/">fórum de suporte</a>. (O WordPress não conseguiu estabelecer uma conexão segura com o WordPress.org. Contate o administrador do servidor.) in C:\Users\jvcco\Desktop\Sites\rest\app\public\wp-includes\update.php on line 173
[12-Feb-2021 18:05:54 UTC] PHP Stack trace:
[12-Feb-2021 18:05:54 UTC] PHP   1. {main}() C:\Users\jvcco\Desktop\Sites\rest\app\public\wp-admin\update.php:0
[12-Feb-2021 18:05:54 UTC] PHP   2. Plugin_Upgrader->install() C:\Users\jvcco\Desktop\Sites\rest\app\public\wp-admin\update.php:171
[12-Feb-2021 18:05:54 UTC] PHP   3. Plugin_Upgrader->run() C:\Users\jvcco\Desktop\Sites\rest\app\public\wp-admin\includes\class-plugin-upgrader.php:137
[12-Feb-2021 18:05:54 UTC] PHP   4. do_action() C:\Users\jvcco\Desktop\Sites\rest\app\public\wp-admin\includes\class-wp-upgrader.php:847
[12-Feb-2021 18:05:54 UTC] PHP   5. WP_Hook->do_action() C:\Users\jvcco\Desktop\Sites\rest\app\public\wp-includes\plugin.php:484
[12-Feb-2021 18:05:54 UTC] PHP   6. WP_Hook->apply_filters() C:\Users\jvcco\Desktop\Sites\rest\app\public\wp-includes\class-wp-hook.php:311
[12-Feb-2021 18:05:54 UTC] PHP   7. wp_version_check() C:\Users\jvcco\Desktop\Sites\rest\app\public\wp-includes\class-wp-hook.php:285
[12-Feb-2021 18:05:54 UTC] PHP   8. trigger_error() C:\Users\jvcco\Desktop\Sites\rest\app\public\wp-includes\update.php:173
[12-Feb-2021 18:06:00 UTC] PHP Warning:  Ocorreu um erro inesperado. Algo pode estar errado com o WordPress.org ou com a configuração deste servidor. Se os problemas persistirem, busque ajuda no <a href="https://br.wordpress.org/support/forums/">fórum de suporte</a>. (O WordPress não conseguiu estabelecer uma conexão segura com o WordPress.org. Contate o administrador do servidor.) in C:\Users\jvcco\Desktop\Sites\rest\app\public\wp-includes\update.php on line 408
[12-Feb-2021 18:06:00 UTC] PHP Stack trace:
[12-Feb-2021 18:06:00 UTC] PHP   1. {main}() C:\Users\jvcco\Desktop\Sites\rest\app\public\wp-admin\update.php:0
[12-Feb-2021 18:06:00 UTC] PHP   2. Plugin_Upgrader->install() C:\Users\jvcco\Desktop\Sites\rest\app\public\wp-admin\update.php:171
[12-Feb-2021 18:06:00 UTC] PHP   3. Plugin_Upgrader->run() C:\Users\jvcco\Desktop\Sites\rest\app\public\wp-admin\includes\class-plugin-upgrader.php:137
[12-Feb-2021 18:06:00 UTC] PHP   4. do_action() C:\Users\jvcco\Desktop\Sites\rest\app\public\wp-admin\includes\class-wp-upgrader.php:847
[12-Feb-2021 18:06:00 UTC] PHP   5. WP_Hook->do_action() C:\Users\jvcco\Desktop\Sites\rest\app\public\wp-includes\plugin.php:484
[12-Feb-2021 18:06:00 UTC] PHP   6. WP_Hook->apply_filters() C:\Users\jvcco\Desktop\Sites\rest\app\public\wp-includes\class-wp-hook.php:311
[12-Feb-2021 18:06:00 UTC] PHP   7. wp_update_plugins() C:\Users\jvcco\Desktop\Sites\rest\app\public\wp-includes\class-wp-hook.php:285
[12-Feb-2021 18:06:00 UTC] PHP   8. trigger_error() C:\Users\jvcco\Desktop\Sites\rest\app\public\wp-includes\update.php:408
[13-Feb-2021 17:10:44 UTC] PHP Parse error:  syntax error, unexpected '<', expecting end of file in C:\Users\jvcco\Desktop\Sites\rest\app\public\wp-content\themes\rest-inicio\functions.php on line 23
[13-Feb-2021 17:11:23 UTC] PHP Parse error:  syntax error, unexpected '<', expecting end of file in C:\Users\jvcco\Desktop\Sites\rest\app\public\wp-content\themes\rest-inicio\functions.php on line 23
